<?xml version="1.0" encoding="UTF-8"?>
<!-- Generated by org.testng.reporters.JUnitReportReporter -->
<testsuite hostname="MIDHUNA" failures="0" tests="1" name="newProjectMystique.NopCommerceShopping" time="7.821" errors="0" timestamp="2023-06-20T15:07:00 IST" skipped="0">
  <testcase classname="newProjectMystique.NopCommerceShopping" name="verifyAddProductToCart_TC004" time="7.821"/>
  <system-out/>
</testsuite> <!-- newProjectMystique.NopCommerceShopping -->
