<?xml version="1.0" encoding="UTF-8"?>
<!-- Generated by org.testng.reporters.JUnitReportReporter -->
<testsuite hostname="MIDHUNA" failures="0" tests="1" name="newProjectMystique.OpenCart" time="5.042" errors="0" timestamp="2023-06-20T15:02:00 IST" skipped="0">
  <testcase classname="newProjectMystique.OpenCart" name="verifyLaunchingUrlSuccessfully" time="5.042"/>
  <system-out/>
</testsuite> <!-- newProjectMystique.OpenCart -->
